corriendo test  1
1 10 10 tiempo: 212000 aciertos : 4064 / 4200
1 10 10 tiempo: 208000 aciertos : 4072 / 4200
1 10 10 tiempo: 215000 aciertos : 4053 / 4200
1 10 10 tiempo: 215000 aciertos : 4057 / 4200
1 10 10 tiempo: 235000 aciertos : 4071 / 4200
1 10 10 tiempo: 210000 aciertos : 4066 / 4200
1 10 10 tiempo: 240000 aciertos : 4069 / 4200
1 10 10 tiempo: 256000 aciertos : 4065 / 4200
1 10 10 tiempo: 246000 aciertos : 4029 / 4200
1 10 10 tiempo: 235000 aciertos : 4057 / 4200
1 10 10 tiempo: 232000 aciertos : 4052 / 4200
1 10 10 tiempo: 263000 aciertos : 4076 / 4200
1 10 10 tiempo: 250000 aciertos : 4060 / 4200
1 10 10 tiempo: 233000 aciertos : 4058 / 4200
1 10 10 tiempo: 244000 aciertos : 4061 / 4200
corriendo test  2
2 10 10 tiempo: 232000 aciertos : 4033 / 4200
2 10 10 tiempo: 245000 aciertos : 4041 / 4200
2 10 10 tiempo: 217000 aciertos : 4039 / 4200
2 10 10 tiempo: 232000 aciertos : 4053 / 4200
2 10 10 tiempo: 229000 aciertos : 4034 / 4200
2 10 10 tiempo: 214000 aciertos : 4022 / 4200
2 10 10 tiempo: 239000 aciertos : 4030 / 4200
2 10 10 tiempo: 264000 aciertos : 4042 / 4200
2 10 10 tiempo: 251000 aciertos : 4051 / 4200
2 10 10 tiempo: 222000 aciertos : 4046 / 4200
2 10 10 tiempo: 233000 aciertos : 4021 / 4200
2 10 10 tiempo: 222000 aciertos : 4028 / 4200
2 10 10 tiempo: 236000 aciertos : 4041 / 4200
2 10 10 tiempo: 231000 aciertos : 4029 / 4200
2 10 10 tiempo: 239000 aciertos : 4017 / 4200
corriendo test  3
3 10 10 tiempo: 258000 aciertos : 4069 / 4200
3 10 10 tiempo: 246000 aciertos : 4057 / 4200
3 10 10 tiempo: 234000 aciertos : 4085 / 4200
3 10 10 tiempo: 369000 aciertos : 4064 / 4200
3 10 10 tiempo: 227000 aciertos : 4069 / 4200
3 10 10 tiempo: 226000 aciertos : 4062 / 4200
3 10 10 tiempo: 242000 aciertos : 4069 / 4200
3 10 10 tiempo: 221000 aciertos : 4082 / 4200
3 10 10 tiempo: 235000 aciertos : 4048 / 4200
3 10 10 tiempo: 230000 aciertos : 4061 / 4200
3 10 10 tiempo: 254000 aciertos : 4053 / 4200
3 10 10 tiempo: 217000 aciertos : 4075 / 4200
3 10 10 tiempo: 220000 aciertos : 4068 / 4200
3 10 10 tiempo: 216000 aciertos : 4076 / 4200
3 10 10 tiempo: 218000 aciertos : 4079 / 4200
corriendo test  4
4 10 10 tiempo: 215000 aciertos : 4068 / 4200
4 10 10 tiempo: 215000 aciertos : 4059 / 4200
4 10 10 tiempo: 214000 aciertos : 4048 / 4200
4 10 10 tiempo: 214000 aciertos : 4065 / 4200
4 10 10 tiempo: 214000 aciertos : 4065 / 4200
4 10 10 tiempo: 213000 aciertos : 4080 / 4200
4 10 10 tiempo: 214000 aciertos : 4068 / 4200
4 10 10 tiempo: 218000 aciertos : 4060 / 4200
4 10 10 tiempo: 243000 aciertos : 4068 / 4200
4 10 10 tiempo: 215000 aciertos : 4066 / 4200
4 10 10 tiempo: 212000 aciertos : 4058 / 4200
4 10 10 tiempo: 250000 aciertos : 4056 / 4200
4 10 10 tiempo: 212000 aciertos : 4056 / 4200
4 10 10 tiempo: 214000 aciertos : 4080 / 4200
4 10 10 tiempo: 215000 aciertos : 4069 / 4200
corriendo test  5
5 10 10 tiempo: 213000 aciertos : 4061 / 4200
5 10 10 tiempo: 213000 aciertos : 4062 / 4200
5 10 10 tiempo: 212000 aciertos : 4087 / 4200
5 10 10 tiempo: 212000 aciertos : 4052 / 4200
5 10 10 tiempo: 213000 aciertos : 4073 / 4200
5 10 10 tiempo: 213000 aciertos : 4076 / 4200
5 10 10 tiempo: 212000 aciertos : 4061 / 4200
5 10 10 tiempo: 213000 aciertos : 4075 / 4200
5 10 10 tiempo: 212000 aciertos : 4074 / 4200
5 10 10 tiempo: 213000 aciertos : 4081 / 4200
5 10 10 tiempo: 212000 aciertos : 4067 / 4200
5 10 10 tiempo: 213000 aciertos : 4064 / 4200
5 10 10 tiempo: 212000 aciertos : 4075 / 4200
5 10 10 tiempo: 213000 aciertos : 4056 / 4200
5 10 10 tiempo: 212000 aciertos : 4063 / 4200
corriendo test  6
6 10 10 tiempo: 213000 aciertos : 4059 / 4200
6 10 10 tiempo: 212000 aciertos : 4059 / 4200
6 10 10 tiempo: 212000 aciertos : 4070 / 4200
6 10 10 tiempo: 212000 aciertos : 4064 / 4200
6 10 10 tiempo: 212000 aciertos : 4062 / 4200
6 10 10 tiempo: 213000 aciertos : 4072 / 4200
6 10 10 tiempo: 212000 aciertos : 4055 / 4200
6 10 10 tiempo: 212000 aciertos : 4060 / 4200
6 10 10 tiempo: 212000 aciertos : 4047 / 4200
6 10 10 tiempo: 213000 aciertos : 4057 / 4200
6 10 10 tiempo: 214000 aciertos : 4072 / 4200
6 10 10 tiempo: 212000 aciertos : 4056 / 4200
6 10 10 tiempo: 212000 aciertos : 4053 / 4200
6 10 10 tiempo: 212000 aciertos : 4074 / 4200
6 10 10 tiempo: 212000 aciertos : 4083 / 4200
corriendo test  7
7 10 10 tiempo: 213000 aciertos : 4037 / 4200
7 10 10 tiempo: 212000 aciertos : 4073 / 4200
7 10 10 tiempo: 212000 aciertos : 4071 / 4200
7 10 10 tiempo: 213000 aciertos : 4068 / 4200
7 10 10 tiempo: 212000 aciertos : 4054 / 4200
7 10 10 tiempo: 213000 aciertos : 4064 / 4200
7 10 10 tiempo: 213000 aciertos : 4039 / 4200
7 10 10 tiempo: 213000 aciertos : 4039 / 4200
7 10 10 tiempo: 212000 aciertos : 4071 / 4200
7 10 10 tiempo: 213000 aciertos : 4055 / 4200
7 10 10 tiempo: 212000 aciertos : 4067 / 4200
7 10 10 tiempo: 212000 aciertos : 4070 / 4200
7 10 10 tiempo: 212000 aciertos : 4061 / 4200
7 10 10 tiempo: 215000 aciertos : 4054 / 4200
7 10 10 tiempo: 213000 aciertos : 4058 / 4200
corriendo test  8
8 10 10 tiempo: 214000 aciertos : 4073 / 4200
8 10 10 tiempo: 213000 aciertos : 4063 / 4200
8 10 10 tiempo: 213000 aciertos : 4057 / 4200
8 10 10 tiempo: 213000 aciertos : 4047 / 4200
8 10 10 tiempo: 212000 aciertos : 4046 / 4200
8 10 10 tiempo: 213000 aciertos : 4057 / 4200
8 10 10 tiempo: 214000 aciertos : 4069 / 4200
8 10 10 tiempo: 214000 aciertos : 4051 / 4200
8 10 10 tiempo: 214000 aciertos : 4061 / 4200
8 10 10 tiempo: 212000 aciertos : 4046 / 4200
8 10 10 tiempo: 213000 aciertos : 4039 / 4200
8 10 10 tiempo: 214000 aciertos : 4054 / 4200
8 10 10 tiempo: 212000 aciertos : 4076 / 4200
8 10 10 tiempo: 213000 aciertos : 4046 / 4200
8 10 10 tiempo: 213000 aciertos : 4057 / 4200
corriendo test  9
9 10 10 tiempo: 214000 aciertos : 4056 / 4200
9 10 10 tiempo: 214000 aciertos : 4045 / 4200
9 10 10 tiempo: 213000 aciertos : 4046 / 4200
9 10 10 tiempo: 214000 aciertos : 4031 / 4200
9 10 10 tiempo: 213000 aciertos : 4059 / 4200
9 10 10 tiempo: 213000 aciertos : 4068 / 4200
9 10 10 tiempo: 213000 aciertos : 4058 / 4200
9 10 10 tiempo: 213000 aciertos : 4066 / 4200
9 10 10 tiempo: 212000 aciertos : 4054 / 4200
9 10 10 tiempo: 213000 aciertos : 4067 / 4200
9 10 10 tiempo: 212000 aciertos : 4042 / 4200
9 10 10 tiempo: 214000 aciertos : 4063 / 4200
9 10 10 tiempo: 212000 aciertos : 4071 / 4200
9 10 10 tiempo: 213000 aciertos : 4055 / 4200
9 10 10 tiempo: 213000 aciertos : 4063 / 4200
corriendo test  10
10 10 10 tiempo: 213000 aciertos : 4055 / 4200
10 10 10 tiempo: 213000 aciertos : 4056 / 4200
10 10 10 tiempo: 213000 aciertos : 4030 / 4200
10 10 10 tiempo: 213000 aciertos : 4053 / 4200
10 10 10 tiempo: 213000 aciertos : 4039 / 4200
10 10 10 tiempo: 213000 aciertos : 4038 / 4200
10 10 10 tiempo: 213000 aciertos : 4069 / 4200
10 10 10 tiempo: 213000 aciertos : 4036 / 4200
10 10 10 tiempo: 214000 aciertos : 4040 / 4200
10 10 10 tiempo: 212000 aciertos : 4046 / 4200
10 10 10 tiempo: 213000 aciertos : 4067 / 4200
10 10 10 tiempo: 214000 aciertos : 4061 / 4200
10 10 10 tiempo: 212000 aciertos : 4035 / 4200
10 10 10 tiempo: 214000 aciertos : 4055 / 4200
10 10 10 tiempo: 214000 aciertos : 4055 / 4200
corriendo test  11
11 10 10 tiempo: 213000 aciertos : 4061 / 4200
11 10 10 tiempo: 214000 aciertos : 4025 / 4200
11 10 10 tiempo: 213000 aciertos : 4059 / 4200
11 10 10 tiempo: 212000 aciertos : 4053 / 4200
11 10 10 tiempo: 213000 aciertos : 4052 / 4200
11 10 10 tiempo: 213000 aciertos : 4046 / 4200
11 10 10 tiempo: 214000 aciertos : 4045 / 4200
11 10 10 tiempo: 214000 aciertos : 4044 / 4200
11 10 10 tiempo: 212000 aciertos : 4050 / 4200
11 10 10 tiempo: 213000 aciertos : 4050 / 4200
11 10 10 tiempo: 214000 aciertos : 4042 / 4200
11 10 10 tiempo: 213000 aciertos : 4043 / 4200
11 10 10 tiempo: 213000 aciertos : 4068 / 4200
11 10 10 tiempo: 213000 aciertos : 4052 / 4200
11 10 10 tiempo: 213000 aciertos : 4049 / 4200
corriendo test  12
12 10 10 tiempo: 214000 aciertos : 4053 / 4200
12 10 10 tiempo: 214000 aciertos : 4018 / 4200
12 10 10 tiempo: 213000 aciertos : 4023 / 4200
12 10 10 tiempo: 213000 aciertos : 4017 / 4200
12 10 10 tiempo: 212000 aciertos : 4046 / 4200
12 10 10 tiempo: 214000 aciertos : 4055 / 4200
12 10 10 tiempo: 213000 aciertos : 4037 / 4200
12 10 10 tiempo: 213000 aciertos : 4024 / 4200
12 10 10 tiempo: 213000 aciertos : 4045 / 4200
12 10 10 tiempo: 213000 aciertos : 4067 / 4200
12 10 10 tiempo: 213000 aciertos : 4038 / 4200
12 10 10 tiempo: 213000 aciertos : 4045 / 4200
12 10 10 tiempo: 213000 aciertos : 4047 / 4200
12 10 10 tiempo: 214000 aciertos : 4020 / 4200
12 10 10 tiempo: 213000 aciertos : 4052 / 4200
corriendo test  13
13 10 10 tiempo: 213000 aciertos : 4027 / 4200
13 10 10 tiempo: 213000 aciertos : 4049 / 4200
13 10 10 tiempo: 213000 aciertos : 4047 / 4200
13 10 10 tiempo: 213000 aciertos : 4049 / 4200
13 10 10 tiempo: 213000 aciertos : 4041 / 4200
13 10 10 tiempo: 213000 aciertos : 4043 / 4200
13 10 10 tiempo: 214000 aciertos : 4026 / 4200
13 10 10 tiempo: 212000 aciertos : 4015 / 4200
13 10 10 tiempo: 214000 aciertos : 4056 / 4200
13 10 10 tiempo: 214000 aciertos : 4023 / 4200
13 10 10 tiempo: 213000 aciertos : 4025 / 4200
13 10 10 tiempo: 213000 aciertos : 4051 / 4200
13 10 10 tiempo: 214000 aciertos : 4042 / 4200
13 10 10 tiempo: 213000 aciertos : 4039 / 4200
13 10 10 tiempo: 213000 aciertos : 4037 / 4200
corriendo test  14
14 10 10 tiempo: 214000 aciertos : 4022 / 4200
14 10 10 tiempo: 214000 aciertos : 4049 / 4200
14 10 10 tiempo: 213000 aciertos : 4048 / 4200
14 10 10 tiempo: 214000 aciertos : 4060 / 4200
14 10 10 tiempo: 213000 aciertos : 4031 / 4200
14 10 10 tiempo: 213000 aciertos : 4021 / 4200
14 10 10 tiempo: 213000 aciertos : 4038 / 4200
14 10 10 tiempo: 221000 aciertos : 4031 / 4200
14 10 10 tiempo: 226000 aciertos : 4034 / 4200
14 10 10 tiempo: 226000 aciertos : 4061 / 4200
14 10 10 tiempo: 227000 aciertos : 4040 / 4200
14 10 10 tiempo: 225000 aciertos : 4010 / 4200
14 10 10 tiempo: 226000 aciertos : 4033 / 4200
14 10 10 tiempo: 226000 aciertos : 4018 / 4200
14 10 10 tiempo: 227000 aciertos : 4046 / 4200
corriendo test  15
15 10 10 tiempo: 227000 aciertos : 4042 / 4200
15 10 10 tiempo: 226000 aciertos : 4039 / 4200
15 10 10 tiempo: 226000 aciertos : 4044 / 4200
15 10 10 tiempo: 253000 aciertos : 4037 / 4200
15 10 10 tiempo: 256000 aciertos : 4050 / 4200
15 10 10 tiempo: 243000 aciertos : 4026 / 4200
15 10 10 tiempo: 252000 aciertos : 4030 / 4200
15 10 10 tiempo: 229000 aciertos : 4037 / 4200
15 10 10 tiempo: 250000 aciertos : 4018 / 4200
15 10 10 tiempo: 249000 aciertos : 4048 / 4200
15 10 10 tiempo: 248000 aciertos : 4030 / 4200
15 10 10 tiempo: 234000 aciertos : 4023 / 4200
15 10 10 tiempo: 236000 aciertos : 4035 / 4200
15 10 10 tiempo: 245000 aciertos : 4060 / 4200
15 10 10 tiempo: 242000 aciertos : 4032 / 4200
corriendo test  16
16 10 10 tiempo: 214000 aciertos : 4033 / 4200
16 10 10 tiempo: 247000 aciertos : 4042 / 4200
16 10 10 tiempo: 240000 aciertos : 4019 / 4200
16 10 10 tiempo: 237000 aciertos : 4032 / 4200
16 10 10 tiempo: 256000 aciertos : 4040 / 4200
16 10 10 tiempo: 241000 aciertos : 4031 / 4200
16 10 10 tiempo: 249000 aciertos : 4027 / 4200
16 10 10 tiempo: 217000 aciertos : 4040 / 4200
16 10 10 tiempo: 215000 aciertos : 4023 / 4200
16 10 10 tiempo: 218000 aciertos : 4020 / 4200
16 10 10 tiempo: 218000 aciertos : 4049 / 4200
16 10 10 tiempo: 218000 aciertos : 4022 / 4200
16 10 10 tiempo: 243000 aciertos : 4037 / 4200
16 10 10 tiempo: 238000 aciertos : 4051 / 4200
16 10 10 tiempo: 237000 aciertos : 4041 / 4200
corriendo test  17
17 10 10 tiempo: 238000 aciertos : 4016 / 4200
17 10 10 tiempo: 253000 aciertos : 4061 / 4200
17 10 10 tiempo: 222000 aciertos : 4025 / 4200
17 10 10 tiempo: 210000 aciertos : 4033 / 4200
17 10 10 tiempo: 210000 aciertos : 4026 / 4200
17 10 10 tiempo: 208000 aciertos : 4030 / 4200
17 10 10 tiempo: 209000 aciertos : 4020 / 4200
17 10 10 tiempo: 210000 aciertos : 4032 / 4200
17 10 10 tiempo: 210000 aciertos : 4047 / 4200
17 10 10 tiempo: 209000 aciertos : 4019 / 4200
17 10 10 tiempo: 208000 aciertos : 4022 / 4200
17 10 10 tiempo: 209000 aciertos : 4013 / 4200
17 10 10 tiempo: 209000 aciertos : 4037 / 4200
17 10 10 tiempo: 210000 aciertos : 4050 / 4200
17 10 10 tiempo: 210000 aciertos : 4023 / 4200
corriendo test  18
18 10 10 tiempo: 211000 aciertos : 4031 / 4200
18 10 10 tiempo: 209000 aciertos : 4027 / 4200
18 10 10 tiempo: 209000 aciertos : 4033 / 4200
18 10 10 tiempo: 210000 aciertos : 4051 / 4200
18 10 10 tiempo: 209000 aciertos : 4029 / 4200
18 10 10 tiempo: 210000 aciertos : 4042 / 4200
18 10 10 tiempo: 209000 aciertos : 4029 / 4200
18 10 10 tiempo: 210000 aciertos : 4030 / 4200
18 10 10 tiempo: 210000 aciertos : 4005 / 4200
18 10 10 tiempo: 210000 aciertos : 4040 / 4200
18 10 10 tiempo: 210000 aciertos : 4033 / 4200
18 10 10 tiempo: 210000 aciertos : 4032 / 4200
18 10 10 tiempo: 209000 aciertos : 4023 / 4200
18 10 10 tiempo: 209000 aciertos : 4027 / 4200
18 10 10 tiempo: 209000 aciertos : 4028 / 4200
corriendo test  19
19 10 10 tiempo: 210000 aciertos : 4022 / 4200
19 10 10 tiempo: 209000 aciertos : 4015 / 4200
19 10 10 tiempo: 209000 aciertos : 4034 / 4200
19 10 10 tiempo: 209000 aciertos : 4043 / 4200
19 10 10 tiempo: 209000 aciertos : 4038 / 4200
19 10 10 tiempo: 209000 aciertos : 4031 / 4200
19 10 10 tiempo: 208000 aciertos : 4029 / 4200
19 10 10 tiempo: 209000 aciertos : 4025 / 4200
19 10 10 tiempo: 209000 aciertos : 4007 / 4200
19 10 10 tiempo: 209000 aciertos : 4044 / 4200
19 10 10 tiempo: 210000 aciertos : 4013 / 4200
19 10 10 tiempo: 209000 aciertos : 4039 / 4200
19 10 10 tiempo: 209000 aciertos : 4016 / 4200
19 10 10 tiempo: 211000 aciertos : 4029 / 4200
19 10 10 tiempo: 209000 aciertos : 4027 / 4200
corriendo test  20
20 10 10 tiempo: 210000 aciertos : 4025 / 4200
20 10 10 tiempo: 210000 aciertos : 4033 / 4200
20 10 10 tiempo: 208000 aciertos : 4040 / 4200
20 10 10 tiempo: 209000 aciertos : 4022 / 4200
20 10 10 tiempo: 210000 aciertos : 4028 / 4200
20 10 10 tiempo: 209000 aciertos : 4028 / 4200
20 10 10 tiempo: 210000 aciertos : 3998 / 4200
20 10 10 tiempo: 209000 aciertos : 4041 / 4200
20 10 10 tiempo: 210000 aciertos : 4029 / 4200
20 10 10 tiempo: 210000 aciertos : 4020 / 4200
20 10 10 tiempo: 210000 aciertos : 4020 / 4200
20 10 10 tiempo: 209000 aciertos : 4026 / 4200
20 10 10 tiempo: 209000 aciertos : 3998 / 4200
20 10 10 tiempo: 209000 aciertos : 4027 / 4200
20 10 10 tiempo: 210000 aciertos : 4018 / 4200
corriendo test  21
21 10 10 tiempo: 210000 aciertos : 4019 / 4200
21 10 10 tiempo: 210000 aciertos : 4029 / 4200
21 10 10 tiempo: 210000 aciertos : 4014 / 4200
21 10 10 tiempo: 209000 aciertos : 4020 / 4200
21 10 10 tiempo: 210000 aciertos : 4032 / 4200
21 10 10 tiempo: 210000 aciertos : 4034 / 4200
21 10 10 tiempo: 209000 aciertos : 4018 / 4200
21 10 10 tiempo: 210000 aciertos : 3994 / 4200
21 10 10 tiempo: 208000 aciertos : 4036 / 4200
21 10 10 tiempo: 210000 aciertos : 4027 / 4200
21 10 10 tiempo: 210000 aciertos : 4010 / 4200
21 10 10 tiempo: 210000 aciertos : 4030 / 4200
21 10 10 tiempo: 210000 aciertos : 4021 / 4200
21 10 10 tiempo: 209000 aciertos : 4037 / 4200
21 10 10 tiempo: 210000 aciertos : 4013 / 4200
corriendo test  22
22 10 10 tiempo: 211000 aciertos : 4004 / 4200
22 10 10 tiempo: 211000 aciertos : 4040 / 4200
22 10 10 tiempo: 210000 aciertos : 4005 / 4200
22 10 10 tiempo: 209000 aciertos : 4023 / 4200
22 10 10 tiempo: 210000 aciertos : 4020 / 4200
22 10 10 tiempo: 210000 aciertos : 4024 / 4200
22 10 10 tiempo: 210000 aciertos : 4007 / 4200
22 10 10 tiempo: 211000 aciertos : 4029 / 4200
22 10 10 tiempo: 210000 aciertos : 3998 / 4200
22 10 10 tiempo: 210000 aciertos : 4021 / 4200
22 10 10 tiempo: 211000 aciertos : 4015 / 4200
22 10 10 tiempo: 209000 aciertos : 4024 / 4200
22 10 10 tiempo: 210000 aciertos : 4013 / 4200
22 10 10 tiempo: 210000 aciertos : 4015 / 4200
22 10 10 tiempo: 210000 aciertos : 3996 / 4200
corriendo test  23
23 10 10 tiempo: 212000 aciertos : 4011 / 4200
23 10 10 tiempo: 210000 aciertos : 3997 / 4200
23 10 10 tiempo: 210000 aciertos : 4016 / 4200
23 10 10 tiempo: 210000 aciertos : 3994 / 4200
23 10 10 tiempo: 209000 aciertos : 4024 / 4200
23 10 10 tiempo: 210000 aciertos : 4005 / 4200
23 10 10 tiempo: 211000 aciertos : 3996 / 4200
23 10 10 tiempo: 211000 aciertos : 4009 / 4200
23 10 10 tiempo: 216000 aciertos : 4014 / 4200
23 10 10 tiempo: 210000 aciertos : 4014 / 4200
23 10 10 tiempo: 210000 aciertos : 3994 / 4200
23 10 10 tiempo: 211000 aciertos : 4013 / 4200
23 10 10 tiempo: 210000 aciertos : 4023 / 4200
23 10 10 tiempo: 210000 aciertos : 4025 / 4200
23 10 10 tiempo: 210000 aciertos : 4003 / 4200
corriendo test  24
24 10 10 tiempo: 211000 aciertos : 3982 / 4200
24 10 10 tiempo: 210000 aciertos : 3993 / 4200
24 10 10 tiempo: 215000 aciertos : 4017 / 4200
24 10 10 tiempo: 219000 aciertos : 4012 / 4200
24 10 10 tiempo: 2.808e+06 aciertos : 4013 / 4200
24 10 10 tiempo: 243000 aciertos : 4006 / 4200
24 10 10 tiempo: 259000 aciertos : 4009 / 4200
24 10 10 tiempo: 267000 aciertos : 4000 / 4200
24 10 10 tiempo: 263000 aciertos : 4017 / 4200
24 10 10 tiempo: 256000 aciertos : 4012 / 4200
24 10 10 tiempo: 277000 aciertos : 4038 / 4200
24 10 10 tiempo: 266000 aciertos : 3984 / 4200
24 10 10 tiempo: 272000 aciertos : 4014 / 4200
24 10 10 tiempo: 250000 aciertos : 4012 / 4200
24 10 10 tiempo: 269000 aciertos : 4028 / 4200
corriendo test  25
25 10 10 tiempo: 249000 aciertos : 4009 / 4200
25 10 10 tiempo: 245000 aciertos : 4021 / 4200
25 10 10 tiempo: 223000 aciertos : 4031 / 4200
25 10 10 tiempo: 218000 aciertos : 4011 / 4200
25 10 10 tiempo: 251000 aciertos : 4001 / 4200
25 10 10 tiempo: 249000 aciertos : 4016 / 4200
25 10 10 tiempo: 235000 aciertos : 4013 / 4200
25 10 10 tiempo: 239000 aciertos : 4015 / 4200
25 10 10 tiempo: 244000 aciertos : 4008 / 4200
25 10 10 tiempo: 252000 aciertos : 4011 / 4200
25 10 10 tiempo: 233000 aciertos : 3993 / 4200
25 10 10 tiempo: 234000 aciertos : 4025 / 4200
25 10 10 tiempo: 241000 aciertos : 4012 / 4200
25 10 10 tiempo: 248000 aciertos : 4005 / 4200
25 10 10 tiempo: 248000 aciertos : 4019 / 4200
corriendo test  26
26 10 10 tiempo: 251000 aciertos : 4007 / 4200
26 10 10 tiempo: 252000 aciertos : 3999 / 4200
26 10 10 tiempo: 247000 aciertos : 4019 / 4200
26 10 10 tiempo: 260000 aciertos : 4019 / 4200
26 10 10 tiempo: 258000 aciertos : 4012 / 4200
26 10 10 tiempo: 257000 aciertos : 4000 / 4200
26 10 10 tiempo: 246000 aciertos : 3992 / 4200
26 10 10 tiempo: 254000 aciertos : 4005 / 4200
26 10 10 tiempo: 244000 aciertos : 3998 / 4200
26 10 10 tiempo: 263000 aciertos : 4020 / 4200
26 10 10 tiempo: 246000 aciertos : 3994 / 4200
26 10 10 tiempo: 230000 aciertos : 4005 / 4200
26 10 10 tiempo: 232000 aciertos : 4011 / 4200
26 10 10 tiempo: 234000 aciertos : 4012 / 4200
26 10 10 tiempo: 235000 aciertos : 4006 / 4200
corriendo test  27
27 10 10 tiempo: 234000 aciertos : 3980 / 4200
27 10 10 tiempo: 235000 aciertos : 4018 / 4200
27 10 10 tiempo: 233000 aciertos : 4003 / 4200
27 10 10 tiempo: 233000 aciertos : 3992 / 4200
27 10 10 tiempo: 232000 aciertos : 4008 / 4200
27 10 10 tiempo: 232000 aciertos : 3979 / 4200
27 10 10 tiempo: 232000 aciertos : 4012 / 4200
27 10 10 tiempo: 233000 aciertos : 4007 / 4200
27 10 10 tiempo: 231000 aciertos : 4001 / 4200
27 10 10 tiempo: 232000 aciertos : 4006 / 4200
27 10 10 tiempo: 245000 aciertos : 4000 / 4200
27 10 10 tiempo: 245000 aciertos : 3990 / 4200
27 10 10 tiempo: 235000 aciertos : 3999 / 4200
27 10 10 tiempo: 236000 aciertos : 3996 / 4200
27 10 10 tiempo: 234000 aciertos : 4024 / 4200
corriendo test  28
28 10 10 tiempo: 252000 aciertos : 4006 / 4200
28 10 10 tiempo: 301000 aciertos : 4016 / 4200
28 10 10 tiempo: 259000 aciertos : 4012 / 4200
28 10 10 tiempo: 227000 aciertos : 4007 / 4200
28 10 10 tiempo: 228000 aciertos : 3999 / 4200
28 10 10 tiempo: 228000 aciertos : 4000 / 4200
28 10 10 tiempo: 227000 aciertos : 4002 / 4200
28 10 10 tiempo: 225000 aciertos : 4013 / 4200
28 10 10 tiempo: 225000 aciertos : 3993 / 4200
28 10 10 tiempo: 225000 aciertos : 4008 / 4200
28 10 10 tiempo: 226000 aciertos : 3992 / 4200
28 10 10 tiempo: 226000 aciertos : 3992 / 4200
28 10 10 tiempo: 226000 aciertos : 4001 / 4200
28 10 10 tiempo: 226000 aciertos : 4010 / 4200
28 10 10 tiempo: 226000 aciertos : 4018 / 4200
corriendo test  29
29 10 10 tiempo: 227000 aciertos : 3975 / 4200
29 10 10 tiempo: 229000 aciertos : 4011 / 4200
29 10 10 tiempo: 227000 aciertos : 3980 / 4200
29 10 10 tiempo: 228000 aciertos : 3991 / 4200
29 10 10 tiempo: 230000 aciertos : 4003 / 4200
29 10 10 tiempo: 227000 aciertos : 4010 / 4200
29 10 10 tiempo: 228000 aciertos : 4002 / 4200
29 10 10 tiempo: 228000 aciertos : 3998 / 4200
29 10 10 tiempo: 230000 aciertos : 4005 / 4200
29 10 10 tiempo: 231000 aciertos : 4008 / 4200
29 10 10 tiempo: 228000 aciertos : 3983 / 4200
29 10 10 tiempo: 228000 aciertos : 4018 / 4200
29 10 10 tiempo: 253000 aciertos : 4037 / 4200
29 10 10 tiempo: 246000 aciertos : 4008 / 4200
29 10 10 tiempo: 234000 aciertos : 3985 / 4200
corriendo test  30
30 10 10 tiempo: 229000 aciertos : 4001 / 4200
30 10 10 tiempo: 231000 aciertos : 4011 / 4200
30 10 10 tiempo: 239000 aciertos : 4020 / 4200
30 10 10 tiempo: 226000 aciertos : 3979 / 4200
30 10 10 tiempo: 228000 aciertos : 3999 / 4200
30 10 10 tiempo: 226000 aciertos : 3977 / 4200
30 10 10 tiempo: 227000 aciertos : 3992 / 4200
30 10 10 tiempo: 235000 aciertos : 3998 / 4200
30 10 10 tiempo: 230000 aciertos : 4016 / 4200
30 10 10 tiempo: 255000 aciertos : 3989 / 4200
30 10 10 tiempo: 261000 aciertos : 3989 / 4200
30 10 10 tiempo: 250000 aciertos : 4025 / 4200
30 10 10 tiempo: 235000 aciertos : 4000 / 4200
30 10 10 tiempo: 233000 aciertos : 3997 / 4200
30 10 10 tiempo: 238000 aciertos : 3963 / 4200
