corriendo test  1
1 10 10 tiempo: 342000 aciertos : 6752 / 7000
1 10 10 tiempo: 337000 aciertos : 6747 / 7000
1 10 10 tiempo: 342000 aciertos : 6753 / 7000
1 10 10 tiempo: 368000 aciertos : 6770 / 7000
1 10 10 tiempo: 342000 aciertos : 6771 / 7000
1 10 10 tiempo: 333000 aciertos : 6784 / 7000
1 10 10 tiempo: 333000 aciertos : 6770 / 7000
1 10 10 tiempo: 366000 aciertos : 6755 / 7000
1 10 10 tiempo: 330000 aciertos : 6770 / 7000
1 10 10 tiempo: 334000 aciertos : 6771 / 7000
corriendo test  2
2 10 10 tiempo: 323000 aciertos : 6736 / 7000
2 10 10 tiempo: 321000 aciertos : 6719 / 7000
2 10 10 tiempo: 322000 aciertos : 6737 / 7000
2 10 10 tiempo: 322000 aciertos : 6715 / 7000
2 10 10 tiempo: 322000 aciertos : 6699 / 7000
2 10 10 tiempo: 322000 aciertos : 6692 / 7000
2 10 10 tiempo: 322000 aciertos : 6716 / 7000
2 10 10 tiempo: 322000 aciertos : 6740 / 7000
2 10 10 tiempo: 322000 aciertos : 6717 / 7000
2 10 10 tiempo: 339000 aciertos : 6726 / 7000
corriendo test  3
3 10 10 tiempo: 395000 aciertos : 6771 / 7000
3 10 10 tiempo: 337000 aciertos : 6754 / 7000
3 10 10 tiempo: 323000 aciertos : 6798 / 7000
3 10 10 tiempo: 324000 aciertos : 6772 / 7000
3 10 10 tiempo: 323000 aciertos : 6789 / 7000
3 10 10 tiempo: 324000 aciertos : 6772 / 7000
3 10 10 tiempo: 325000 aciertos : 6760 / 7000
3 10 10 tiempo: 361000 aciertos : 6760 / 7000
3 10 10 tiempo: 373000 aciertos : 6776 / 7000
3 10 10 tiempo: 364000 aciertos : 6772 / 7000
corriendo test  4
4 10 10 tiempo: 355000 aciertos : 6771 / 7000
4 10 10 tiempo: 375000 aciertos : 6777 / 7000
4 10 10 tiempo: 340000 aciertos : 6749 / 7000
4 10 10 tiempo: 337000 aciertos : 6734 / 7000
4 10 10 tiempo: 329000 aciertos : 6760 / 7000
4 10 10 tiempo: 364000 aciertos : 6768 / 7000
4 10 10 tiempo: 340000 aciertos : 6761 / 7000
4 10 10 tiempo: 351000 aciertos : 6760 / 7000
4 10 10 tiempo: 359000 aciertos : 6759 / 7000
4 10 10 tiempo: 355000 aciertos : 6762 / 7000
corriendo test  5
5 10 10 tiempo: 362000 aciertos : 6773 / 7000
5 10 10 tiempo: 362000 aciertos : 6768 / 7000
5 10 10 tiempo: 357000 aciertos : 6756 / 7000
5 10 10 tiempo: 356000 aciertos : 6749 / 7000
5 10 10 tiempo: 415000 aciertos : 6772 / 7000
5 10 10 tiempo: 440000 aciertos : 6778 / 7000
5 10 10 tiempo: 386000 aciertos : 6775 / 7000
5 10 10 tiempo: 354000 aciertos : 6776 / 7000
5 10 10 tiempo: 373000 aciertos : 6783 / 7000
5 10 10 tiempo: 366000 aciertos : 6787 / 7000
corriendo test  6
6 10 10 tiempo: 372000 aciertos : 6741 / 7000
6 10 10 tiempo: 382000 aciertos : 6774 / 7000
6 10 10 tiempo: 347000 aciertos : 6770 / 7000
6 10 10 tiempo: 356000 aciertos : 6741 / 7000
6 10 10 tiempo: 365000 aciertos : 6779 / 7000
6 10 10 tiempo: 361000 aciertos : 6779 / 7000
6 10 10 tiempo: 334000 aciertos : 6783 / 7000
6 10 10 tiempo: 335000 aciertos : 6766 / 7000
6 10 10 tiempo: 334000 aciertos : 6778 / 7000
6 10 10 tiempo: 332000 aciertos : 6756 / 7000
corriendo test  7
7 10 10 tiempo: 333000 aciertos : 6776 / 7000
7 10 10 tiempo: 333000 aciertos : 6774 / 7000
7 10 10 tiempo: 333000 aciertos : 6760 / 7000
7 10 10 tiempo: 332000 aciertos : 6763 / 7000
7 10 10 tiempo: 332000 aciertos : 6766 / 7000
7 10 10 tiempo: 333000 aciertos : 6806 / 7000
7 10 10 tiempo: 331000 aciertos : 6771 / 7000
7 10 10 tiempo: 331000 aciertos : 6765 / 7000
7 10 10 tiempo: 334000 aciertos : 6778 / 7000
7 10 10 tiempo: 332000 aciertos : 6766 / 7000
corriendo test  8
8 10 10 tiempo: 334000 aciertos : 6757 / 7000
8 10 10 tiempo: 333000 aciertos : 6753 / 7000
8 10 10 tiempo: 334000 aciertos : 6758 / 7000
8 10 10 tiempo: 334000 aciertos : 6758 / 7000
8 10 10 tiempo: 333000 aciertos : 6739 / 7000
8 10 10 tiempo: 334000 aciertos : 6758 / 7000
8 10 10 tiempo: 334000 aciertos : 6753 / 7000
8 10 10 tiempo: 331000 aciertos : 6764 / 7000
8 10 10 tiempo: 331000 aciertos : 6747 / 7000
8 10 10 tiempo: 331000 aciertos : 6764 / 7000
corriendo test  9
9 10 10 tiempo: 332000 aciertos : 6767 / 7000
9 10 10 tiempo: 332000 aciertos : 6738 / 7000
9 10 10 tiempo: 331000 aciertos : 6745 / 7000
9 10 10 tiempo: 328000 aciertos : 6723 / 7000
9 10 10 tiempo: 331000 aciertos : 6754 / 7000
9 10 10 tiempo: 331000 aciertos : 6729 / 7000
9 10 10 tiempo: 329000 aciertos : 6724 / 7000
9 10 10 tiempo: 331000 aciertos : 6714 / 7000
9 10 10 tiempo: 329000 aciertos : 6741 / 7000
9 10 10 tiempo: 332000 aciertos : 6770 / 7000
corriendo test  10
10 10 10 tiempo: 331000 aciertos : 6741 / 7000
10 10 10 tiempo: 332000 aciertos : 6767 / 7000
10 10 10 tiempo: 329000 aciertos : 6744 / 7000
10 10 10 tiempo: 332000 aciertos : 6749 / 7000
10 10 10 tiempo: 329000 aciertos : 6719 / 7000
10 10 10 tiempo: 332000 aciertos : 6728 / 7000
10 10 10 tiempo: 329000 aciertos : 6751 / 7000
10 10 10 tiempo: 330000 aciertos : 6760 / 7000
10 10 10 tiempo: 331000 aciertos : 6745 / 7000
10 10 10 tiempo: 329000 aciertos : 6752 / 7000
corriendo test  11
11 10 10 tiempo: 333000 aciertos : 6749 / 7000
11 10 10 tiempo: 332000 aciertos : 6749 / 7000
11 10 10 tiempo: 331000 aciertos : 6733 / 7000
11 10 10 tiempo: 332000 aciertos : 6764 / 7000
11 10 10 tiempo: 331000 aciertos : 6727 / 7000
11 10 10 tiempo: 329000 aciertos : 6733 / 7000
11 10 10 tiempo: 331000 aciertos : 6715 / 7000
11 10 10 tiempo: 331000 aciertos : 6742 / 7000
11 10 10 tiempo: 331000 aciertos : 6745 / 7000
11 10 10 tiempo: 332000 aciertos : 6760 / 7000
corriendo test  12
12 10 10 tiempo: 332000 aciertos : 6727 / 7000
12 10 10 tiempo: 331000 aciertos : 6733 / 7000
12 10 10 tiempo: 331000 aciertos : 6719 / 7000
12 10 10 tiempo: 331000 aciertos : 6729 / 7000
12 10 10 tiempo: 331000 aciertos : 6726 / 7000
12 10 10 tiempo: 331000 aciertos : 6730 / 7000
12 10 10 tiempo: 331000 aciertos : 6740 / 7000
12 10 10 tiempo: 333000 aciertos : 6753 / 7000
12 10 10 tiempo: 332000 aciertos : 6733 / 7000
12 10 10 tiempo: 330000 aciertos : 6746 / 7000
corriendo test  13
13 10 10 tiempo: 329000 aciertos : 6746 / 7000
13 10 10 tiempo: 333000 aciertos : 6724 / 7000
13 10 10 tiempo: 332000 aciertos : 6721 / 7000
13 10 10 tiempo: 332000 aciertos : 6721 / 7000
13 10 10 tiempo: 359000 aciertos : 6735 / 7000
13 10 10 tiempo: 342000 aciertos : 6727 / 7000
13 10 10 tiempo: 399000 aciertos : 6736 / 7000
13 10 10 tiempo: 389000 aciertos : 6736 / 7000
13 10 10 tiempo: 393000 aciertos : 6735 / 7000
13 10 10 tiempo: 421000 aciertos : 6737 / 7000
corriendo test  14
14 10 10 tiempo: 389000 aciertos : 6723 / 7000
14 10 10 tiempo: 368000 aciertos : 6727 / 7000
14 10 10 tiempo: 368000 aciertos : 6730 / 7000
14 10 10 tiempo: 361000 aciertos : 6724 / 7000
14 10 10 tiempo: 386000 aciertos : 6741 / 7000
14 10 10 tiempo: 333000 aciertos : 6745 / 7000
14 10 10 tiempo: 332000 aciertos : 6720 / 7000
14 10 10 tiempo: 343000 aciertos : 6690 / 7000
corriendo test  15
15 10 10 tiempo: 345000 aciertos : 6758 / 7000
corriendo test  16
