corriendo test  1
1 10 10 tiempo: 219000 aciertos : 4064 / 4200
1 10 10 tiempo: 215000 aciertos : 4057 / 4200
1 10 10 tiempo: 215000 aciertos : 4073 / 4200
1 10 10 tiempo: 216000 aciertos : 4052 / 4200
1 10 10 tiempo: 214000 aciertos : 4062 / 4200
1 10 10 tiempo: 223000 aciertos : 4062 / 4200
corriendo test  2
2 10 10 tiempo: 227000 aciertos : 4041 / 4200
2 10 10 tiempo: 229000 aciertos : 4014 / 4200
2 10 10 tiempo: 208000 aciertos : 4052 / 4200
2 10 10 tiempo: 206000 aciertos : 4018 / 4200
2 10 10 tiempo: 207000 aciertos : 4028 / 4200
2 10 10 tiempo: 205000 aciertos : 4043 / 4200
corriendo test  3
3 10 10 tiempo: 206000 aciertos : 4064 / 4200
3 10 10 tiempo: 205000 aciertos : 4070 / 4200
3 10 10 tiempo: 209000 aciertos : 4057 / 4200
3 10 10 tiempo: 209000 aciertos : 4066 / 4200
3 10 10 tiempo: 207000 aciertos : 4074 / 4200
3 10 10 tiempo: 206000 aciertos : 4041 / 4200
corriendo test  4
4 10 10 tiempo: 208000 aciertos : 4060 / 4200
4 10 10 tiempo: 206000 aciertos : 4094 / 4200
4 10 10 tiempo: 204000 aciertos : 4060 / 4200
4 10 10 tiempo: 205000 aciertos : 4074 / 4200
4 10 10 tiempo: 212000 aciertos : 4061 / 4200
4 10 10 tiempo: 226000 aciertos : 4059 / 4200
corriendo test  5
5 10 10 tiempo: 229000 aciertos : 4061 / 4200
5 10 10 tiempo: 211000 aciertos : 4079 / 4200
5 10 10 tiempo: 205000 aciertos : 4061 / 4200
5 10 10 tiempo: 204000 aciertos : 4059 / 4200
5 10 10 tiempo: 204000 aciertos : 4076 / 4200
5 10 10 tiempo: 205000 aciertos : 4088 / 4200
corriendo test  6
6 10 10 tiempo: 207000 aciertos : 4077 / 4200
6 10 10 tiempo: 205000 aciertos : 4048 / 4200
6 10 10 tiempo: 204000 aciertos : 4048 / 4200
6 10 10 tiempo: 207000 aciertos : 4047 / 4200
6 10 10 tiempo: 205000 aciertos : 4065 / 4200
6 10 10 tiempo: 205000 aciertos : 4068 / 4200
corriendo test  7
7 10 10 tiempo: 207000 aciertos : 4070 / 4200
7 10 10 tiempo: 204000 aciertos : 4038 / 4200
7 10 10 tiempo: 205000 aciertos : 4082 / 4200
7 10 10 tiempo: 219000 aciertos : 4057 / 4200
7 10 10 tiempo: 221000 aciertos : 4052 / 4200
7 10 10 tiempo: 218000 aciertos : 4078 / 4200
corriendo test  8
8 10 10 tiempo: 212000 aciertos : 4043 / 4200
8 10 10 tiempo: 222000 aciertos : 4072 / 4200
8 10 10 tiempo: 211000 aciertos : 4058 / 4200
8 10 10 tiempo: 206000 aciertos : 4055 / 4200
8 10 10 tiempo: 205000 aciertos : 4055 / 4200
8 10 10 tiempo: 205000 aciertos : 4074 / 4200
corriendo test  9
9 10 10 tiempo: 215000 aciertos : 4049 / 4200
9 10 10 tiempo: 213000 aciertos : 4053 / 4200
9 10 10 tiempo: 210000 aciertos : 4053 / 4200
9 10 10 tiempo: 204000 aciertos : 4058 / 4200
9 10 10 tiempo: 204000 aciertos : 4048 / 4200
9 10 10 tiempo: 205000 aciertos : 4050 / 4200
corriendo test  10
10 10 10 tiempo: 208000 aciertos : 4057 / 4200
10 10 10 tiempo: 204000 aciertos : 4057 / 4200
10 10 10 tiempo: 206000 aciertos : 4051 / 4200
10 10 10 tiempo: 205000 aciertos : 4049 / 4200
10 10 10 tiempo: 207000 aciertos : 4064 / 4200
10 10 10 tiempo: 208000 aciertos : 4044 / 4200
corriendo test  11
11 10 10 tiempo: 214000 aciertos : 4070 / 4200
11 10 10 tiempo: 211000 aciertos : 4042 / 4200
11 10 10 tiempo: 213000 aciertos : 4040 / 4200
11 10 10 tiempo: 214000 aciertos : 4041 / 4200
11 10 10 tiempo: 211000 aciertos : 4062 / 4200
11 10 10 tiempo: 203000 aciertos : 4070 / 4200
corriendo test  12
12 10 10 tiempo: 205000 aciertos : 4053 / 4200
12 10 10 tiempo: 205000 aciertos : 4037 / 4200
12 10 10 tiempo: 208000 aciertos : 4055 / 4200
12 10 10 tiempo: 207000 aciertos : 4048 / 4200
12 10 10 tiempo: 205000 aciertos : 4022 / 4200
12 10 10 tiempo: 204000 aciertos : 4053 / 4200
corriendo test  13
13 10 10 tiempo: 207000 aciertos : 4043 / 4200
13 10 10 tiempo: 207000 aciertos : 4028 / 4200
13 10 10 tiempo: 206000 aciertos : 4047 / 4200
13 10 10 tiempo: 206000 aciertos : 4035 / 4200
13 10 10 tiempo: 208000 aciertos : 4043 / 4200
13 10 10 tiempo: 212000 aciertos : 4055 / 4200
corriendo test  14
14 10 10 tiempo: 211000 aciertos : 4042 / 4200
14 10 10 tiempo: 207000 aciertos : 4051 / 4200
14 10 10 tiempo: 206000 aciertos : 4037 / 4200
14 10 10 tiempo: 218000 aciertos : 4053 / 4200
14 10 10 tiempo: 238000 aciertos : 4042 / 4200
14 10 10 tiempo: 235000 aciertos : 4045 / 4200
corriendo test  15
15 10 10 tiempo: 215000 aciertos : 4029 / 4200
15 10 10 tiempo: 205000 aciertos : 4053 / 4200
15 10 10 tiempo: 210000 aciertos : 4049 / 4200
15 10 10 tiempo: 224000 aciertos : 4067 / 4200
15 10 10 tiempo: 223000 aciertos : 4046 / 4200
15 10 10 tiempo: 219000 aciertos : 4063 / 4200
corriendo test  16
16 10 10 tiempo: 208000 aciertos : 4026 / 4200
16 10 10 tiempo: 212000 aciertos : 4052 / 4200
16 10 10 tiempo: 207000 aciertos : 4036 / 4200
16 10 10 tiempo: 207000 aciertos : 4036 / 4200
16 10 10 tiempo: 209000 aciertos : 4054 / 4200
16 10 10 tiempo: 219000 aciertos : 4032 / 4200
corriendo test  17
17 10 10 tiempo: 229000 aciertos : 4038 / 4200
17 10 10 tiempo: 222000 aciertos : 4036 / 4200
17 10 10 tiempo: 211000 aciertos : 4041 / 4200
17 10 10 tiempo: 209000 aciertos : 4035 / 4200
17 10 10 tiempo: 209000 aciertos : 4045 / 4200
17 10 10 tiempo: 206000 aciertos : 4014 / 4200
corriendo test  18
18 10 10 tiempo: 208000 aciertos : 4007 / 4200
18 10 10 tiempo: 206000 aciertos : 4038 / 4200
18 10 10 tiempo: 208000 aciertos : 4023 / 4200
18 10 10 tiempo: 207000 aciertos : 4018 / 4200
18 10 10 tiempo: 213000 aciertos : 4029 / 4200
18 10 10 tiempo: 222000 aciertos : 4033 / 4200
corriendo test  19
19 10 10 tiempo: 226000 aciertos : 4030 / 4200
19 10 10 tiempo: 218000 aciertos : 4029 / 4200
19 10 10 tiempo: 214000 aciertos : 4013 / 4200
19 10 10 tiempo: 211000 aciertos : 4040 / 4200
19 10 10 tiempo: 209000 aciertos : 4028 / 4200
19 10 10 tiempo: 208000 aciertos : 4044 / 4200
