corriendo test  20
20 10 10 tiempo: 217000 aciertos : 4019 / 4200
20 10 10 tiempo: 213000 aciertos : 4019 / 4200
20 10 10 tiempo: 214000 aciertos : 4033 / 4200
20 10 10 tiempo: 211000 aciertos : 4019 / 4200
20 10 10 tiempo: 214000 aciertos : 4015 / 4200
20 10 10 tiempo: 214000 aciertos : 4017 / 4200
corriendo test  21
21 10 10 tiempo: 209000 aciertos : 4022 / 4200
21 10 10 tiempo: 206000 aciertos : 4016 / 4200
21 10 10 tiempo: 205000 aciertos : 4033 / 4200
21 10 10 tiempo: 205000 aciertos : 4027 / 4200
21 10 10 tiempo: 205000 aciertos : 4022 / 4200
21 10 10 tiempo: 206000 aciertos : 4034 / 4200
corriendo test  22
22 10 10 tiempo: 213000 aciertos : 3996 / 4200
22 10 10 tiempo: 211000 aciertos : 4023 / 4200
22 10 10 tiempo: 214000 aciertos : 4009 / 4200
22 10 10 tiempo: 211000 aciertos : 4011 / 4200
22 10 10 tiempo: 211000 aciertos : 4024 / 4200
22 10 10 tiempo: 206000 aciertos : 4030 / 4200
corriendo test  23
23 10 10 tiempo: 208000 aciertos : 4021 / 4200
23 10 10 tiempo: 207000 aciertos : 4016 / 4200
23 10 10 tiempo: 219000 aciertos : 4007 / 4200
23 10 10 tiempo: 218000 aciertos : 3997 / 4200
23 10 10 tiempo: 216000 aciertos : 4012 / 4200
23 10 10 tiempo: 202000 aciertos : 4035 / 4200
corriendo test  24
24 10 10 tiempo: 205000 aciertos : 3997 / 4200
24 10 10 tiempo: 203000 aciertos : 3996 / 4200
24 10 10 tiempo: 219000 aciertos : 4030 / 4200
24 10 10 tiempo: 211000 aciertos : 3989 / 4200
24 10 10 tiempo: 211000 aciertos : 4011 / 4200
24 10 10 tiempo: 210000 aciertos : 4048 / 4200
corriendo test  25
25 10 10 tiempo: 212000 aciertos : 4006 / 4200
25 10 10 tiempo: 227000 aciertos : 3984 / 4200
25 10 10 tiempo: 236000 aciertos : 4021 / 4200
25 10 10 tiempo: 236000 aciertos : 4021 / 4200
25 10 10 tiempo: 226000 aciertos : 4016 / 4200
25 10 10 tiempo: 226000 aciertos : 4007 / 4200
corriendo test  26
26 10 10 tiempo: 216000 aciertos : 4007 / 4200
26 10 10 tiempo: 208000 aciertos : 3984 / 4200
26 10 10 tiempo: 208000 aciertos : 4008 / 4200
26 10 10 tiempo: 207000 aciertos : 4025 / 4200
26 10 10 tiempo: 205000 aciertos : 3997 / 4200
26 10 10 tiempo: 204000 aciertos : 4006 / 4200
corriendo test  27
27 10 10 tiempo: 206000 aciertos : 3997 / 4200
27 10 10 tiempo: 205000 aciertos : 4003 / 4200
27 10 10 tiempo: 205000 aciertos : 4016 / 4200
27 10 10 tiempo: 214000 aciertos : 4009 / 4200
27 10 10 tiempo: 219000 aciertos : 3990 / 4200
27 10 10 tiempo: 220000 aciertos : 4004 / 4200
corriendo test  28
28 10 10 tiempo: 216000 aciertos : 4003 / 4200
28 10 10 tiempo: 212000 aciertos : 4011 / 4200
28 10 10 tiempo: 211000 aciertos : 4016 / 4200
28 10 10 tiempo: 211000 aciertos : 3986 / 4200
28 10 10 tiempo: 210000 aciertos : 4001 / 4200
28 10 10 tiempo: 212000 aciertos : 3997 / 4200
corriendo test  29
29 10 10 tiempo: 211000 aciertos : 3982 / 4200
29 10 10 tiempo: 208000 aciertos : 3993 / 4200
29 10 10 tiempo: 214000 aciertos : 3988 / 4200
29 10 10 tiempo: 216000 aciertos : 4005 / 4200
29 10 10 tiempo: 213000 aciertos : 4001 / 4200
29 10 10 tiempo: 205000 aciertos : 4015 / 4200
corriendo test  30
30 10 10 tiempo: 205000 aciertos : 4000 / 4200
30 10 10 tiempo: 208000 aciertos : 3977 / 4200
30 10 10 tiempo: 216000 aciertos : 4006 / 4200
30 10 10 tiempo: 216000 aciertos : 3997 / 4200
30 10 10 tiempo: 216000 aciertos : 3991 / 4200
30 10 10 tiempo: 215000 aciertos : 4030 / 4200
