corriendo test  1
10 1 10 tiempo: 285000 aciertos : 4057 / 4200
10 1 10 tiempo: 282000 aciertos : 4063 / 4200
10 1 10 tiempo: 282000 aciertos : 4058 / 4200
10 1 10 tiempo: 282000 aciertos : 4039 / 4200
10 1 10 tiempo: 282000 aciertos : 4055 / 4200
corriendo test  2
10 2 10 tiempo: 285000 aciertos : 4060 / 4200
10 2 10 tiempo: 282000 aciertos : 4051 / 4200
10 2 10 tiempo: 282000 aciertos : 4050 / 4200
10 2 10 tiempo: 281000 aciertos : 4056 / 4200
10 2 10 tiempo: 281000 aciertos : 4052 / 4200
corriendo test  3
10 3 10 tiempo: 284000 aciertos : 4052 / 4200
10 3 10 tiempo: 281000 aciertos : 4061 / 4200
10 3 10 tiempo: 282000 aciertos : 4050 / 4200
10 3 10 tiempo: 282000 aciertos : 4068 / 4200
10 3 10 tiempo: 282000 aciertos : 4056 / 4200
corriendo test  4
10 4 10 tiempo: 285000 aciertos : 4056 / 4200
10 4 10 tiempo: 282000 aciertos : 4036 / 4200
10 4 10 tiempo: 281000 aciertos : 4060 / 4200
10 4 10 tiempo: 281000 aciertos : 4049 / 4200
10 4 10 tiempo: 282000 aciertos : 4072 / 4200
corriendo test  5
10 5 10 tiempo: 284000 aciertos : 4052 / 4200
10 5 10 tiempo: 281000 aciertos : 4050 / 4200
10 5 10 tiempo: 282000 aciertos : 4051 / 4200
10 5 10 tiempo: 281000 aciertos : 4034 / 4200
10 5 10 tiempo: 281000 aciertos : 4051 / 4200
corriendo test  6
10 6 10 tiempo: 285000 aciertos : 4051 / 4200
10 6 10 tiempo: 282000 aciertos : 4067 / 4200
10 6 10 tiempo: 282000 aciertos : 4060 / 4200
10 6 10 tiempo: 282000 aciertos : 4042 / 4200
10 6 10 tiempo: 282000 aciertos : 4058 / 4200
corriendo test  7
10 7 10 tiempo: 285000 aciertos : 4075 / 4200
10 7 10 tiempo: 282000 aciertos : 4041 / 4200
10 7 10 tiempo: 281000 aciertos : 4054 / 4200
10 7 10 tiempo: 281000 aciertos : 4074 / 4200
10 7 10 tiempo: 281000 aciertos : 4038 / 4200
corriendo test  8
10 8 10 tiempo: 285000 aciertos : 4048 / 4200
10 8 10 tiempo: 282000 aciertos : 4061 / 4200
10 8 10 tiempo: 282000 aciertos : 4059 / 4200
10 8 10 tiempo: 282000 aciertos : 4038 / 4200
10 8 10 tiempo: 281000 aciertos : 4052 / 4200
corriendo test  9
10 9 10 tiempo: 284000 aciertos : 4042 / 4200
10 9 10 tiempo: 281000 aciertos : 4048 / 4200
10 9 10 tiempo: 282000 aciertos : 4057 / 4200
10 9 10 tiempo: 281000 aciertos : 4044 / 4200
10 9 10 tiempo: 281000 aciertos : 4059 / 4200
corriendo test  10
10 10 10 tiempo: 284000 aciertos : 4044 / 4200
10 10 10 tiempo: 282000 aciertos : 4050 / 4200
10 10 10 tiempo: 282000 aciertos : 4053 / 4200
10 10 10 tiempo: 281000 aciertos : 4043 / 4200
10 10 10 tiempo: 281000 aciertos : 4051 / 4200
