corriendo test  1
6 1 10 tiempo: 295000 aciertos : 4042 / 4200
6 1 10 tiempo: 303000 aciertos : 4057 / 4200
6 1 10 tiempo: 302000 aciertos : 4061 / 4200
6 1 10 tiempo: 295000 aciertos : 4044 / 4200
6 1 10 tiempo: 291000 aciertos : 4074 / 4200
corriendo test  2
6 2 10 tiempo: 299000 aciertos : 4075 / 4200
6 2 10 tiempo: 302000 aciertos : 4058 / 4200
6 2 10 tiempo: 297000 aciertos : 4081 / 4200
6 2 10 tiempo: 292000 aciertos : 4055 / 4200
6 2 10 tiempo: 289000 aciertos : 4065 / 4200
corriendo test  3
6 3 10 tiempo: 296000 aciertos : 4047 / 4200
6 3 10 tiempo: 291000 aciertos : 4056 / 4200
6 3 10 tiempo: 294000 aciertos : 4062 / 4200
6 3 10 tiempo: 298000 aciertos : 4063 / 4200
6 3 10 tiempo: 298000 aciertos : 4058 / 4200
corriendo test  4
6 4 10 tiempo: 297000 aciertos : 4080 / 4200
6 4 10 tiempo: 291000 aciertos : 4072 / 4200
6 4 10 tiempo: 291000 aciertos : 4060 / 4200
6 4 10 tiempo: 295000 aciertos : 4055 / 4200
6 4 10 tiempo: 292000 aciertos : 4044 / 4200
corriendo test  5
6 5 10 tiempo: 291000 aciertos : 4061 / 4200
6 5 10 tiempo: 291000 aciertos : 4073 / 4200
6 5 10 tiempo: 286000 aciertos : 4083 / 4200
6 5 10 tiempo: 286000 aciertos : 4076 / 4200
6 5 10 tiempo: 290000 aciertos : 4072 / 4200
corriendo test  6
6 6 10 tiempo: 296000 aciertos : 4052 / 4200
6 6 10 tiempo: 285000 aciertos : 4084 / 4200
6 6 10 tiempo: 286000 aciertos : 4047 / 4200
6 6 10 tiempo: 285000 aciertos : 4070 / 4200
6 6 10 tiempo: 285000 aciertos : 4070 / 4200
corriendo test  7
6 7 10 tiempo: 290000 aciertos : 4054 / 4200
6 7 10 tiempo: 286000 aciertos : 4050 / 4200
6 7 10 tiempo: 286000 aciertos : 4065 / 4200
6 7 10 tiempo: 285000 aciertos : 4072 / 4200
6 7 10 tiempo: 285000 aciertos : 4061 / 4200
corriendo test  8
6 8 10 tiempo: 293000 aciertos : 4045 / 4200
6 8 10 tiempo: 290000 aciertos : 4073 / 4200
6 8 10 tiempo: 291000 aciertos : 4062 / 4200
6 8 10 tiempo: 289000 aciertos : 4068 / 4200
6 8 10 tiempo: 288000 aciertos : 4050 / 4200
corriendo test  9
6 9 10 tiempo: 291000 aciertos : 4056 / 4200
6 9 10 tiempo: 288000 aciertos : 4070 / 4200
6 9 10 tiempo: 287000 aciertos : 4060 / 4200
6 9 10 tiempo: 287000 aciertos : 4095 / 4200
6 9 10 tiempo: 293000 aciertos : 4074 / 4200
corriendo test  10
6 10 10 tiempo: 291000 aciertos : 4053 / 4200
6 10 10 tiempo: 287000 aciertos : 4084 / 4200
6 10 10 tiempo: 286000 aciertos : 4038 / 4200
6 10 10 tiempo: 285000 aciertos : 4064 / 4200
6 10 10 tiempo: 287000 aciertos : 4061 / 4200
