corriendo test  1
6 10 1 tiempo: 269000 aciertos : 4079 / 4200
6 10 1 tiempo: 232000 aciertos : 4060 / 4200
6 10 1 tiempo: 222000 aciertos : 4059 / 4200
corriendo test  2
6 10 2 tiempo: 224000 aciertos : 4053 / 4200
6 10 2 tiempo: 238000 aciertos : 4067 / 4200
6 10 2 tiempo: 233000 aciertos : 4061 / 4200
corriendo test  3
6 10 3 tiempo: 233000 aciertos : 4061 / 4200
6 10 3 tiempo: 229000 aciertos : 4046 / 4200
6 10 3 tiempo: 234000 aciertos : 4062 / 4200
corriendo test  4
6 10 4 tiempo: 220000 aciertos : 4078 / 4200
6 10 4 tiempo: 217000 aciertos : 4059 / 4200
6 10 4 tiempo: 221000 aciertos : 4053 / 4200
corriendo test  5
6 10 5 tiempo: 237000 aciertos : 4050 / 4200
6 10 5 tiempo: 227000 aciertos : 4070 / 4200
6 10 5 tiempo: 231000 aciertos : 4049 / 4200
corriendo test  6
6 10 6 tiempo: 243000 aciertos : 4047 / 4200
6 10 6 tiempo: 246000 aciertos : 4062 / 4200
6 10 6 tiempo: 231000 aciertos : 4060 / 4200
corriendo test  7
6 10 7 tiempo: 231000 aciertos : 4060 / 4200
6 10 7 tiempo: 224000 aciertos : 4075 / 4200
6 10 7 tiempo: 211000 aciertos : 4059 / 4200
corriendo test  8
6 10 8 tiempo: 213000 aciertos : 4059 / 4200
6 10 8 tiempo: 212000 aciertos : 4061 / 4200
6 10 8 tiempo: 213000 aciertos : 4067 / 4200
corriendo test  9
6 10 9 tiempo: 212000 aciertos : 4068 / 4200
6 10 9 tiempo: 212000 aciertos : 4070 / 4200
6 10 9 tiempo: 212000 aciertos : 4051 / 4200
corriendo test  10
6 10 10 tiempo: 213000 aciertos : 4072 / 4200
6 10 10 tiempo: 212000 aciertos : 4073 / 4200
6 10 10 tiempo: 211000 aciertos : 4072 / 4200
